<?xml version="1.0" encoding="UTF-8"?>
<!-- Generated by org.testng.reporters.JUnitReportReporter -->
<testsuite skipped="0" hostname="JAYALAKSHMI" name="shoppingcartRestapi.Restapi" tests="9" failures="0" timestamp="2022-12-14T13:32:39 IST" time="11.229" errors="0">
  <testcase name="getaccesstoken" time="5.747" classname="shoppingcartRestapi.Restapi"/>
  <system-out/>
  <testcase name="register" time="0.765" classname="shoppingcartRestapi.Restapi"/>
  <system-out/>
  <testcase name="login" time="0.535" classname="shoppingcartRestapi.Restapi"/>
  <system-out/>
  <testcase name="logout" time="0.587" classname="shoppingcartRestapi.Restapi"/>
  <system-out/>
  <testcase name="forgotpassword" time="0.726" classname="shoppingcartRestapi.Restapi"/>
  <system-out/>
  <testcase name="login1" time="0.532" classname="shoppingcartRestapi.Restapi"/>
  <system-out/>
  <testcase name="getaccountdetails" time="0.594" classname="shoppingcartRestapi.Restapi"/>
  <system-out/>
  <testcase name="updateaccountdata" time="0.526" classname="shoppingcartRestapi.Restapi"/>
  <system-out/>
  <testcase name="logout1" time="1.217" classname="shoppingcartRestapi.Restapi"/>
  <system-out/>
</testsuite> <!-- shoppingcartRestapi.Restapi -->
